INFO    | Android emulator version 32.1.14.0 (build_id 10330179) (CL:N/A)
INFO    | Found systemPath /home/coder/Android/Sdk/system-images/android-30/google_apis_playstore/x86/
WARNING | Please update the emulator to one that supports the feature(s): Vulkan
WARNING | cannot add library /home/coder/Android/Sdk/emulator/qemu/linux-x86_64/lib64/vulkan/libvulkan.so: failed
MESA-INTEL: warning: Ivy Bridge Vulkan support is incomplete
INFO    | Storing crashdata in: /tmp/android-coder/emu-crash.db, detection is enabled
INFO    | Duplicate loglines will be removed, if you wish to see each indiviudal line launch with the -log-nofilter flag.
INFO    | added library /home/coder/Android/Sdk/emulator/lib64/vulkan/libvulkan.so
host doesn't support requested feature: CPUID.80000001H:ECX.abm [bit 5]
host doesn't support requested feature: CPUID.80000001H:ECX.abm [bit 5]
WARNING | *** No gRPC protection active, consider launching with the -grpc-use-jwt flag.***
INFO    | Started GRPC server at 127.0.0.1:8554, security: Local, auth: none
INFO    | Advertising in: /run/user/1000/avd/running/pid_38389.ini
INFO    | Setting display: 0 configuration to: 1080x2280, dpi: 440x440 
ERROR   | Unable to connect to adb daemon on port: 5037
INFO    | Your emulator is out of date, please update by launching Android Studio:
 - Start Android Studio
 - Select menu "Tools > Android > SDK Manager"
 - Click "SDK Tools" tab
 - Check "Android Emulator" checkbox
 - Click "OK"
INFO    | Boot completed in 78079 ms
INFO    | Increasing screen off timeout, logcat buffer size to 2M.
ERROR   | Unable to connect to adb daemon on port: 5037
INFO    | Revoking microphone permissions for Google App.
INFO    | Info: Sandboxing disabled by user. ((null):0, (null))
INFO    | Critical: Failed to load https://maps.googleapis.com/maps/api/mapsjs/gen_204?csp_test=true: The 'Access-Control-Allow-Origin' header has a value 'qrc://' that is not equal to the supplied origin. Origin 'qrc://' is therefore not allowed access. (qrc:/html/js/common.js:0, (null))
INFO    | Android emulator version 32.1.14.0 (build_id 10330179) (CL:N/A)
INFO    | Found systemPath /home/coder/Android/Sdk/system-images/android-30/google_apis_playstore/x86/
WARNING | Please update the emulator to one that supports the feature(s): Vulkan
WARNING | cannot add library /home/coder/Android/Sdk/emulator/qemu/linux-x86_64/lib64/vulkan/libvulkan.so: failed
MESA-INTEL: warning: Ivy Bridge Vulkan support is incomplete
INFO    | Storing crashdata in: /tmp/android-coder/emu-crash.db, detection is enabled
INFO    | Duplicate loglines will be removed, if you wish to see each indiviudal line launch with the -log-nofilter flag.
INFO    | added library /home/coder/Android/Sdk/emulator/lib64/vulkan/libvulkan.so
host doesn't support requested feature: CPUID.80000001H:ECX.abm [bit 5]
host doesn't support requested feature: CPUID.80000001H:ECX.abm [bit 5]
WARNING | *** No gRPC protection active, consider launching with the -grpc-use-jwt flag.***
INFO    | Started GRPC server at 127.0.0.1:8554, security: Local, auth: none
INFO    | Advertising in: /run/user/1000/avd/running/pid_40327.ini
INFO    | Setting display: 0 configuration to: 1080x2280, dpi: 440x440 
ERROR   | adb protocol fault (couldn't read status length)
INFO    | Boot completed in 52725 ms
INFO    | Increasing screen off timeout, logcat buffer size to 2M.
INFO    | Revoking microphone permissions for Google App.
